2026/01/10 15:50:41 Starting API version: v0.1.0
{"time":"2026-01-10T15:50:41.447592-03:00","level":"INFO","msg":"connecting to database... "}
{"time":"2026-01-10T15:50:42.557677-03:00","level":"INFO","msg":"retrying to connect to database..."}
{"time":"2026-01-10T15:50:49.100067-03:00","level":"INFO","msg":"retrying to connect to database..."}
{"time":"2026-01-10T15:50:58.177798-03:00","level":"INFO","msg":"retrying to connect to database..."}
{"time":"2026-01-10T15:51:15.071921-03:00","level":"INFO","msg":"retrying to connect to database..."}
{"time":"2026-01-10T15:51:15.09413-03:00","level":"INFO","msg":"database connected"}
            .,*/(#####(/*,.                               .,*((###(/*.
        .*(%%%%%%%%%%%%%%#/.                           .*#%%%%####%%%%#/.
      ./#%%%%#(/,,...,,***.           .......          *#%%%#*.   ,(%%%#/.
     .(#%%%#/.                    .*(#%%%%%%%##/,.     ,(%%%#*    ,(%%%#*.
    .*#%%%#/.    ..........     .*#%%%%#(/((#%%%%(,     ,/#%%%#(/#%%%#(,
    ./#%%%(*    ,#%%%%%%%%(*   .*#%%%#*     .*#%%%#,      *(%%%%%%%#(,.
    ./#%%%#*    ,(((##%%%%(*   ,/%%%%/.      .(%%%#/   .*#%%%#(*/(#%%%#/,
     ,#%%%#(.        ,#%%%(*   ,/%%%%/.      .(%%%#/  ,/%%%#/.    .*#%%%(,
      *#%%%%(*.      ,#%%%(*   .*#%%%#*     ./#%%%#,  ,(%%%#*      .(%%%#*
       ,(#%%%%%##(((##%%%%(*    .*#%%%%#(((##%%%%(,   .*#%%%##(///(#%%%#/.
         .*/###%%%%%%%###(/,      .,/##%%%%%##(/,.      .*(##%%%%%%##(*,
              .........                ......                .......
{"time":"2026-01-10T15:51:15.094441-03:00","level":"INFO","msg":"Serving at 0.0.0.0:3080"}
